/*C1*/SET SCHEMA SYSTEM_LOBS
INSERT INTO BLOCKS VALUES(0,2147483647,0)
COMMIT
/*C2*/SET SCHEMA PUBLIC
CREATE MEMORY TABLE CLIENTE(IDCLIENTE INTEGER GENERATED BY DEFAULT AS IDENTITY(START WITH 1) NOT NULL PRIMARY KEY,NMCLIENTE VARCHAR(255) NOT NULL,TELEFONE VARCHAR(15) NOT NULL,DTNASC DATE NOT NULL,STATUS CHARACTER(1) NOT NULL)\u000d\u000a
CREATE MEMORY TABLE FUNCIONARIO(IDFUNC INTEGER GENERATED BY DEFAULT AS IDENTITY(START WITH 1) NOT NULL PRIMARY KEY,NMFUNC VARCHAR(255) NOT NULL,TELEFONE VARCHAR(15) NOT NULL,DTNASC DATE NOT NULL,STATUS CHARACTER(1) NOT NULL)\u000d\u000a
CREATE MEMORY TABLE MARCA(IDMARCA INTEGER GENERATED BY DEFAULT AS IDENTITY(START WITH 1) NOT NULL PRIMARY KEY,NOME VARCHAR(255) NOT NULL,STATUS CHARACTER(1) NOT NULL)\u000d\u000a
CREATE MEMORY TABLE PRODUTO(IDPROD INTEGER GENERATED BY DEFAULT AS IDENTITY(START WITH 1) NOT NULL PRIMARY KEY,NOME VARCHAR(255) NOT NULL,QTD INTEGER NOT NULL,PRECO DOUBLE NOT NULL,DATAENT DATE NOT NULL,STATUS CHARACTER(1) NOT NULL,IDMARCA INTEGER NOT NULL,FOREIGN KEY(IDMARCA) REFERENCES MARCA(IDMARCA))\u000d\u000a
CREATE MEMORY TABLE VENDA(IDVENDA INTEGER GENERATED BY DEFAULT AS IDENTITY(START WITH 1) NOT NULL PRIMARY KEY,IDFUNC INTEGER NOT NULL,IDCLIENTE INTEGER NOT NULL,DTVENDA DATE NOT NULL,FOREIGN KEY(IDFUNC) REFERENCES PUBLIC.FUNCIONARIO(IDFUNC),FOREIGN KEY(IDCLIENTE) REFERENCES PUBLIC.CLIENTE(IDCLIENTE))\u000d\u000a
CREATE MEMORY TABLE VENDAPRODUTO(IDPROD INTEGER NOT NULL,IDVENDA INTEGER NOT NULL,QTD INTEGER NOT NULL,PRECOVD DOUBLE NOT NULL,PRIMARY KEY(IDPROD,IDVENDA),FOREIGN KEY(IDPROD) REFERENCES PUBLIC.PRODUTO(IDPROD),FOREIGN KEY(IDVENDA) REFERENCES PUBLIC.VENDA(IDVENDA))\u000d\u000a
CREATE MEMORY TABLE USUARIO(ID INTEGER GENERATED BY DEFAULT AS IDENTITY(START WITH 1) NOT NULL PRIMARY KEY,LOGIN VARCHAR(50) NOT NULL,SENHA VARCHAR(50) NOT NULL)\u000d\u000a\u000d\u000a
INSERT INTO MARCA VALUES(1,'Pantene','A')
COMMIT
INSERT INTO MARCA VALUES(2,'Luxurios','A')
COMMIT
INSERT INTO MARCA VALUES(3,'MaryKay','A')
COMMIT
INSERT INTO MARCA VALUES(4,'Dove','A')
COMMIT
INSERT INTO MARCA VALUES(5,'Ferrari','A')
COMMIT
INSERT INTO CLIENTE VALUES(1,'A Vista','(-)------------','2017-07-06','A')
COMMIT
INSERT INTO CLIENTE VALUES(2,'Wilgner','(31)98021-8486','2001-06-06','A')
COMMIT
INSERT INTO CLIENTE VALUES(3,'Nicolas','(31)98765-4321','2001-07-07','A')
COMMIT
INSERT INTO CLIENTE VALUES(4,'Luan','(31)98481-6258','2001-01-14','A')
COMMIT
INSERT INTO CLIENTE VALUES(5,'Roberto','(31)98876-6439','2001-07-01','D')
COMMIT
INSERT INTO FUNCIONARIO VALUES(1,'Eliane','(31)98876-6439','1976-12-17','A')
COMMIT
INSERT INTO FUNCIONARIO VALUES(2,'Sandra','(31)98676-6939','1980-12-17','A')
COMMIT
INSERT INTO FUNCIONARIO VALUES(3,'Itana','(31)99676-6769','1990-09-06','A')
COMMIT
INSERT INTO PRODUTO VALUES(1,'Kit Shampoo Pantene Brilho',6,22.99E0,'2017-07-06','A',1)
COMMIT
INSERT INTO PRODUTO VALUES(2,'Shampoo Luxurios',5,66.22E0,'2017-07-06','A',2)
COMMIT
INSERT INTO PRODUTO VALUES(3,'Kit Eico Seduction Shampoo',1,37.49E0,'2017-07-06','A',3)
COMMIT
INSERT INTO PRODUTO VALUES(4,'Intense Superfix Duo Batom Mate',2,27.9E0,'2017-07-06','A',3)
COMMIT
INSERT INTO PRODUTO VALUES(5,'Batom Liquido Matte 12 Cores Impermeavel',1,16.59E0,'2017-07-06','A',3)
COMMIT
INSERT INTO PRODUTO VALUES(6,'Lancme La Vie Est Belle',2,179.9E0,'2017-07-06','A',3)
COMMIT
INSERT INTO PRODUTO VALUES(7,'Dove Man Clear',14,13.5E0,'2017-10-06','A',4)
COMMIT
INSERT INTO PRODUTO VALUES(8,'Perfume Ferrari Black',2,74.0E0,'2017-07-06','A',5)
COMMIT
DISCONNECT
